<?xml version="1.0" encoding="UTF-8"?>
<!-- Generated by org.testng.reporters.JUnitReportReporter -->
<testsuite hostname="DESKTOP-LV13OB6" failures="0" tests="1" name="rahulshettyacademy.tests.StandAloneTest" time="17.575" errors="0" timestamp="2023-02-27T23:22:50 IST" skipped="0">
  <testcase classname="rahulshettyacademy.tests.StandAloneTest" name="orderHistoryTest" time="17.575"/>
  <system-out/>
</testsuite> <!-- rahulshettyacademy.tests.StandAloneTest -->
